<?xml version="1.0" encoding="UTF-8"?>
<!-- Generated by org.testng.reporters.JUnitReportReporter -->
<testsuite hostname="JYOTHI" failures="0" tests="7" name="restAssured.TekArchRestAssured" time="16.534" errors="0" timestamp="14 Jun 2021 23:50:54 GMT" skipped="0">
  <testcase classname="restAssured.TekArchRestAssured" name="TC_001_LoginTest" time="2.082"/>
  <testcase classname="restAssured.TekArchRestAssured" name="TC_002_getData" time="7.020"/>
  <testcase classname="restAssured.TekArchRestAssured" name="TC_003_adddata" time="0.468"/>
  <testcase classname="restAssured.TekArchRestAssured" name="TC_003_adddata" time="0.421"/>
  <testcase classname="restAssured.TekArchRestAssured" name="TC_004_deleteData" time="0.344"/>
  <testcase classname="restAssured.TekArchRestAssured" name="TC_005_updateData" time="1.391"/>
  <testcase classname="restAssured.TekArchRestAssured" name="TC_006_Logout" time="4.808"/>
</testsuite> <!-- restAssured.TekArchRestAssured -->
